<?xml version="1.0" encoding="UTF-8"?>
<!-- Generated by org.testng.reporters.JUnitReportReporter -->
<testsuite hostname="antonys-MBP-2" failures="0" tests="2" name="com.qa.rcb.testCases.RcbLogicsTest" time="0.017" errors="0" timestamp="2022-09-23T21:50:02 GST" skipped="0">
  <testcase classname="com.qa.rcb.testCases.RcbLogicsTest" name="foreignPlayersLogicTest" time="0.015"/>
  <system-out/>
  <testcase classname="com.qa.rcb.testCases.RcbLogicsTest" name="wicketKeeperLogicTest" time="0.002"/>
  <system-out/>
</testsuite> <!-- com.qa.rcb.testCases.RcbLogicsTest -->
