<?xml version="1.0" encoding="UTF-8"?>
<!-- Generated by org.testng.reporters.JUnitReportReporter -->
<testsuite hostname="antonys-MBP-2" failures="0" tests="2" name="com.qa.rcb.testCases.RcbLogicsTest" time="0.005" errors="0" timestamp="2022-09-24T00:14:09 GST" skipped="0">
  <testcase classname="com.qa.rcb.testCases.RcbLogicsTest" name="foreignPlayersLogicTest" time="0.004"/>
  <system-out/>
  <testcase classname="com.qa.rcb.testCases.RcbLogicsTest" name="wicketKeeperLogicTest" time="0.001"/>
  <system-out/>
</testsuite> <!-- com.qa.rcb.testCases.RcbLogicsTest -->
